{"/Users/yao/Documents/code/codetest/ctm/form-wizard/script.js": {"path":"/Users/yao/Documents/code/codetest/ctm/form-wizard/script.js","statementMap":{"0":{"start":{"line":1,"column":18},"end":{"line":1,"column":19}},"1":{"start":{"line":2,"column":14},"end":{"line":2,"column":53}},"2":{"start":{"line":3,"column":13},"end":{"line":3,"column":52}},"3":{"start":{"line":4,"column":16},"end":{"line":4,"column":52}},"4":{"start":{"line":5,"column":16},"end":{"line":5,"column":52}},"5":{"start":{"line":6,"column":21},"end":{"line":6,"column":62}},"6":{"start":{"line":7,"column":15},"end":{"line":7,"column":48}},"7":{"start":{"line":8,"column":19},"end":{"line":8,"column":57}},"8":{"start":{"line":9,"column":20},"end":{"line":9,"column":58}},"9":{"start":{"line":10,"column":20},"end":{"line":10,"column":67}},"10":{"start":{"line":11,"column":21},"end":{"line":11,"column":68}},"11":{"start":{"line":13,"column":0},"end":{"line":13,"column":10}},"12":{"start":{"line":16,"column":2},"end":{"line":16,"column":14}},"13":{"start":{"line":17,"column":2},"end":{"line":17,"column":24}},"14":{"start":{"line":20,"column":2},"end":{"line":22,"column":3}},"15":{"start":{"line":21,"column":4},"end":{"line":21,"column":39}},"16":{"start":{"line":23,"column":2},"end":{"line":23,"column":18}},"17":{"start":{"line":24,"column":2},"end":{"line":24,"column":20}},"18":{"start":{"line":27,"column":2},"end":{"line":29,"column":3}},"19":{"start":{"line":28,"column":4},"end":{"line":28,"column":17}},"20":{"start":{"line":30,"column":2},"end":{"line":30,"column":44}},"21":{"start":{"line":31,"column":2},"end":{"line":31,"column":21}},"22":{"start":{"line":32,"column":2},"end":{"line":34,"column":3}},"23":{"start":{"line":33,"column":4},"end":{"line":33,"column":17}},"24":{"start":{"line":35,"column":2},"end":{"line":35,"column":24}},"25":{"start":{"line":38,"column":16},"end":{"line":38,"column":20}},"26":{"start":{"line":39,"column":20},"end":{"line":39,"column":38}},"27":{"start":{"line":40,"column":23},"end":{"line":40,"column":57}},"28":{"start":{"line":41,"column":18},"end":{"line":41,"column":60}},"29":{"start":{"line":42,"column":2},"end":{"line":42,"column":17}},"30":{"start":{"line":45,"column":2},"end":{"line":61,"column":3}},"31":{"start":{"line":47,"column":6},"end":{"line":47,"column":39}},"32":{"start":{"line":49,"column":6},"end":{"line":49,"column":39}},"33":{"start":{"line":51,"column":6},"end":{"line":51,"column":42}},"34":{"start":{"line":53,"column":6},"end":{"line":53,"column":43}},"35":{"start":{"line":58,"column":6},"end":{"line":58,"column":38}},"36":{"start":{"line":60,"column":6},"end":{"line":60,"column":18}},"37":{"start":{"line":64,"column":22},"end":{"line":64,"column":71}},"38":{"start":{"line":65,"column":2},"end":{"line":65,"column":33}},"39":{"start":{"line":68,"column":22},"end":{"line":68,"column":53}},"40":{"start":{"line":69,"column":2},"end":{"line":69,"column":33}},"41":{"start":{"line":72,"column":2},"end":{"line":72,"column":69}},"42":{"start":{"line":75,"column":2},"end":{"line":75,"column":38}},"43":{"start":{"line":78,"column":2},"end":{"line":78,"column":41}},"44":{"start":{"line":81,"column":2},"end":{"line":87,"column":3}},"45":{"start":{"line":82,"column":4},"end":{"line":82,"column":35}},"46":{"start":{"line":84,"column":4},"end":{"line":86,"column":5}},"47":{"start":{"line":85,"column":6},"end":{"line":85,"column":39}},"48":{"start":{"line":88,"column":2},"end":{"line":94,"column":3}},"49":{"start":{"line":89,"column":4},"end":{"line":89,"column":33}},"50":{"start":{"line":91,"column":4},"end":{"line":93,"column":5}},"51":{"start":{"line":92,"column":6},"end":{"line":92,"column":33}},"52":{"start":{"line":97,"column":2},"end":{"line":106,"column":3}},"53":{"start":{"line":98,"column":4},"end":{"line":98,"column":36}},"54":{"start":{"line":99,"column":4},"end":{"line":99,"column":32}},"55":{"start":{"line":101,"column":4},"end":{"line":105,"column":5}},"56":{"start":{"line":102,"column":22},"end":{"line":102,"column":66}},"57":{"start":{"line":103,"column":6},"end":{"line":103,"column":47}},"58":{"start":{"line":104,"column":6},"end":{"line":104,"column":45}},"59":{"start":{"line":109,"column":2},"end":{"line":112,"column":3}},"60":{"start":{"line":109,"column":15},"end":{"line":109,"column":16}},"61":{"start":{"line":110,"column":17},"end":{"line":110,"column":36}},"62":{"start":{"line":111,"column":4},"end":{"line":111,"column":36}},"63":{"start":{"line":113,"column":2},"end":{"line":113,"column":45}},"64":{"start":{"line":114,"column":2},"end":{"line":114,"column":16}},"65":{"start":{"line":115,"column":2},"end":{"line":115,"column":15}},"66":{"start":{"line":116,"column":2},"end":{"line":116,"column":15}},"67":{"start":{"line":119,"column":2},"end":{"line":119,"column":30}},"68":{"start":{"line":120,"column":2},"end":{"line":120,"column":33}},"69":{"start":{"line":121,"column":2},"end":{"line":121,"column":36}},"70":{"start":{"line":122,"column":2},"end":{"line":122,"column":34}},"71":{"start":{"line":125,"column":2},"end":{"line":127,"column":3}},"72":{"start":{"line":126,"column":4},"end":{"line":126,"column":58}},"73":{"start":{"line":126,"column":44},"end":{"line":126,"column":56}},"74":{"start":{"line":128,"column":2},"end":{"line":130,"column":3}},"75":{"start":{"line":129,"column":4},"end":{"line":129,"column":57}},"76":{"start":{"line":129,"column":44},"end":{"line":129,"column":55}},"77":{"start":{"line":133,"column":2},"end":{"line":133,"column":59}},"78":{"start":{"line":133,"column":45},"end":{"line":133,"column":57}},"79":{"start":{"line":134,"column":2},"end":{"line":134,"column":58}},"80":{"start":{"line":134,"column":45},"end":{"line":134,"column":56}},"81":{"start":{"line":137,"column":22},"end":{"line":137,"column":61}},"82":{"start":{"line":138,"column":22},"end":{"line":138,"column":64}},"83":{"start":{"line":139,"column":2},"end":{"line":148,"column":3}},"84":{"start":{"line":139,"column":15},"end":{"line":139,"column":16}},"85":{"start":{"line":140,"column":4},"end":{"line":147,"column":5}},"86":{"start":{"line":141,"column":6},"end":{"line":141,"column":45}},"87":{"start":{"line":142,"column":6},"end":{"line":142,"column":52}},"88":{"start":{"line":143,"column":6},"end":{"line":143,"column":20}},"89":{"start":{"line":145,"column":6},"end":{"line":145,"column":44}},"90":{"start":{"line":146,"column":6},"end":{"line":146,"column":48}},"91":{"start":{"line":149,"column":2},"end":{"line":149,"column":15}},"92":{"start":{"line":152,"column":2},"end":{"line":161,"column":3}},"93":{"start":{"line":153,"column":24},"end":{"line":153,"column":62}},"94":{"start":{"line":154,"column":30},"end":{"line":154,"column":72}},"95":{"start":{"line":155,"column":4},"end":{"line":160,"column":5}},"96":{"start":{"line":156,"column":6},"end":{"line":156,"column":48}},"97":{"start":{"line":157,"column":6},"end":{"line":157,"column":20}},"98":{"start":{"line":159,"column":6},"end":{"line":159,"column":47}},"99":{"start":{"line":162,"column":2},"end":{"line":162,"column":15}},"100":{"start":{"line":165,"column":0},"end":{"line":167,"column":1}}},"fnMap":{"0":{"name":"initial","decl":{"start":{"line":15,"column":9},"end":{"line":15,"column":16}},"loc":{"start":{"line":15,"column":19},"end":{"line":18,"column":1}},"line":15},"1":{"name":"showForm","decl":{"start":{"line":19,"column":9},"end":{"line":19,"column":17}},"loc":{"start":{"line":19,"column":23},"end":{"line":25,"column":1}},"line":19},"2":{"name":"nextPrev","decl":{"start":{"line":26,"column":9},"end":{"line":26,"column":17}},"loc":{"start":{"line":26,"column":23},"end":{"line":36,"column":1}},"line":26},"3":{"name":"isFormValid","decl":{"start":{"line":37,"column":9},"end":{"line":37,"column":20}},"loc":{"start":{"line":37,"column":23},"end":{"line":43,"column":1}},"line":37},"4":{"name":"isFormatValid","decl":{"start":{"line":44,"column":9},"end":{"line":44,"column":22}},"loc":{"start":{"line":44,"column":30},"end":{"line":62,"column":1}},"line":44},"5":{"name":"isEmailValid","decl":{"start":{"line":63,"column":9},"end":{"line":63,"column":21}},"loc":{"start":{"line":63,"column":29},"end":{"line":66,"column":1}},"line":63},"6":{"name":"isPhoneValid","decl":{"start":{"line":67,"column":9},"end":{"line":67,"column":21}},"loc":{"start":{"line":67,"column":29},"end":{"line":70,"column":1}},"line":67},"7":{"name":"isPostcodeValid","decl":{"start":{"line":71,"column":9},"end":{"line":71,"column":24}},"loc":{"start":{"line":71,"column":32},"end":{"line":73,"column":1}},"line":71},"8":{"name":"isStreetNumValid","decl":{"start":{"line":74,"column":9},"end":{"line":74,"column":25}},"loc":{"start":{"line":74,"column":33},"end":{"line":76,"column":1}},"line":74},"9":{"name":"isTextValid","decl":{"start":{"line":77,"column":9},"end":{"line":77,"column":20}},"loc":{"start":{"line":77,"column":28},"end":{"line":79,"column":1}},"line":77},"10":{"name":"showButton","decl":{"start":{"line":80,"column":9},"end":{"line":80,"column":19}},"loc":{"start":{"line":80,"column":25},"end":{"line":95,"column":1}},"line":80},"11":{"name":"showProgressBar","decl":{"start":{"line":96,"column":9},"end":{"line":96,"column":24}},"loc":{"start":{"line":96,"column":27},"end":{"line":107,"column":1}},"line":96},"12":{"name":"submitForm","decl":{"start":{"line":108,"column":9},"end":{"line":108,"column":19}},"loc":{"start":{"line":108,"column":22},"end":{"line":117,"column":1}},"line":108},"13":{"name":"showResult","decl":{"start":{"line":118,"column":9},"end":{"line":118,"column":19}},"loc":{"start":{"line":118,"column":22},"end":{"line":123,"column":1}},"line":118},"14":{"name":"bindEvent","decl":{"start":{"line":124,"column":9},"end":{"line":124,"column":18}},"loc":{"start":{"line":124,"column":21},"end":{"line":131,"column":1}},"line":124},"15":{"name":"(anonymous_15)","decl":{"start":{"line":126,"column":38},"end":{"line":126,"column":39}},"loc":{"start":{"line":126,"column":44},"end":{"line":126,"column":56}},"line":126},"16":{"name":"(anonymous_16)","decl":{"start":{"line":129,"column":38},"end":{"line":129,"column":39}},"loc":{"start":{"line":129,"column":44},"end":{"line":129,"column":55}},"line":129},"17":{"name":"unBindEvent","decl":{"start":{"line":132,"column":9},"end":{"line":132,"column":20}},"loc":{"start":{"line":132,"column":23},"end":{"line":135,"column":1}},"line":132},"18":{"name":"(anonymous_18)","decl":{"start":{"line":133,"column":39},"end":{"line":133,"column":40}},"loc":{"start":{"line":133,"column":45},"end":{"line":133,"column":57}},"line":133},"19":{"name":"(anonymous_19)","decl":{"start":{"line":134,"column":39},"end":{"line":134,"column":40}},"loc":{"start":{"line":134,"column":45},"end":{"line":134,"column":56}},"line":134},"20":{"name":"checkInputFormat","decl":{"start":{"line":136,"column":9},"end":{"line":136,"column":25}},"loc":{"start":{"line":136,"column":44},"end":{"line":150,"column":1}},"line":136},"21":{"name":"checkSelectFormat","decl":{"start":{"line":151,"column":9},"end":{"line":151,"column":26}},"loc":{"start":{"line":151,"column":45},"end":{"line":163,"column":1}},"line":151}},"branchMap":{"0":{"loc":{"start":{"line":20,"column":2},"end":{"line":22,"column":3}},"type":"if","locations":[{"start":{"line":20,"column":2},"end":{"line":22,"column":3}},{"start":{"line":20,"column":2},"end":{"line":22,"column":3}}],"line":20},"1":{"loc":{"start":{"line":27,"column":2},"end":{"line":29,"column":3}},"type":"if","locations":[{"start":{"line":27,"column":2},"end":{"line":29,"column":3}},{"start":{"line":27,"column":2},"end":{"line":29,"column":3}}],"line":27},"2":{"loc":{"start":{"line":27,"column":6},"end":{"line":27,"column":33}},"type":"binary-expr","locations":[{"start":{"line":27,"column":6},"end":{"line":27,"column":15}},{"start":{"line":27,"column":19},"end":{"line":27,"column":33}}],"line":27},"3":{"loc":{"start":{"line":32,"column":2},"end":{"line":34,"column":3}},"type":"if","locations":[{"start":{"line":32,"column":2},"end":{"line":34,"column":3}},{"start":{"line":32,"column":2},"end":{"line":34,"column":3}}],"line":32},"4":{"loc":{"start":{"line":45,"column":2},"end":{"line":61,"column":3}},"type":"switch","locations":[{"start":{"line":46,"column":4},"end":{"line":47,"column":39}},{"start":{"line":48,"column":4},"end":{"line":49,"column":39}},{"start":{"line":50,"column":4},"end":{"line":51,"column":42}},{"start":{"line":52,"column":4},"end":{"line":53,"column":43}},{"start":{"line":54,"column":4},"end":{"line":54,"column":22}},{"start":{"line":55,"column":4},"end":{"line":55,"column":21}},{"start":{"line":56,"column":4},"end":{"line":56,"column":23}},{"start":{"line":57,"column":4},"end":{"line":58,"column":38}},{"start":{"line":59,"column":4},"end":{"line":60,"column":18}}],"line":45},"5":{"loc":{"start":{"line":72,"column":9},"end":{"line":72,"column":68}},"type":"binary-expr","locations":[{"start":{"line":72,"column":9},"end":{"line":72,"column":35}},{"start":{"line":72,"column":39},"end":{"line":72,"column":51}},{"start":{"line":72,"column":55},"end":{"line":72,"column":68}}],"line":72},"6":{"loc":{"start":{"line":81,"column":2},"end":{"line":87,"column":3}},"type":"if","locations":[{"start":{"line":81,"column":2},"end":{"line":87,"column":3}},{"start":{"line":81,"column":2},"end":{"line":87,"column":3}}],"line":81},"7":{"loc":{"start":{"line":81,"column":6},"end":{"line":81,"column":21}},"type":"binary-expr","locations":[{"start":{"line":81,"column":6},"end":{"line":81,"column":10}},{"start":{"line":81,"column":14},"end":{"line":81,"column":21}}],"line":81},"8":{"loc":{"start":{"line":84,"column":4},"end":{"line":86,"column":5}},"type":"if","locations":[{"start":{"line":84,"column":4},"end":{"line":86,"column":5}},{"start":{"line":84,"column":4},"end":{"line":86,"column":5}}],"line":84},"9":{"loc":{"start":{"line":88,"column":2},"end":{"line":94,"column":3}},"type":"if","locations":[{"start":{"line":88,"column":2},"end":{"line":94,"column":3}},{"start":{"line":88,"column":2},"end":{"line":94,"column":3}}],"line":88},"10":{"loc":{"start":{"line":91,"column":4},"end":{"line":93,"column":5}},"type":"if","locations":[{"start":{"line":91,"column":4},"end":{"line":93,"column":5}},{"start":{"line":91,"column":4},"end":{"line":93,"column":5}}],"line":91},"11":{"loc":{"start":{"line":97,"column":2},"end":{"line":106,"column":3}},"type":"if","locations":[{"start":{"line":97,"column":2},"end":{"line":106,"column":3}},{"start":{"line":97,"column":2},"end":{"line":106,"column":3}}],"line":97},"12":{"loc":{"start":{"line":97,"column":6},"end":{"line":97,"column":34}},"type":"binary-expr","locations":[{"start":{"line":97,"column":6},"end":{"line":97,"column":18}},{"start":{"line":97,"column":22},"end":{"line":97,"column":34}}],"line":97},"13":{"loc":{"start":{"line":101,"column":4},"end":{"line":105,"column":5}},"type":"if","locations":[{"start":{"line":101,"column":4},"end":{"line":105,"column":5}},{"start":{"line":101,"column":4},"end":{"line":105,"column":5}}],"line":101},"14":{"loc":{"start":{"line":125,"column":2},"end":{"line":127,"column":3}},"type":"if","locations":[{"start":{"line":125,"column":2},"end":{"line":127,"column":3}},{"start":{"line":125,"column":2},"end":{"line":127,"column":3}}],"line":125},"15":{"loc":{"start":{"line":128,"column":2},"end":{"line":130,"column":3}},"type":"if","locations":[{"start":{"line":128,"column":2},"end":{"line":130,"column":3}},{"start":{"line":128,"column":2},"end":{"line":130,"column":3}}],"line":128},"16":{"loc":{"start":{"line":140,"column":4},"end":{"line":147,"column":5}},"type":"if","locations":[{"start":{"line":140,"column":4},"end":{"line":147,"column":5}},{"start":{"line":140,"column":4},"end":{"line":147,"column":5}}],"line":140},"17":{"loc":{"start":{"line":152,"column":2},"end":{"line":161,"column":3}},"type":"if","locations":[{"start":{"line":152,"column":2},"end":{"line":161,"column":3}},{"start":{"line":152,"column":2},"end":{"line":161,"column":3}}],"line":152},"18":{"loc":{"start":{"line":155,"column":4},"end":{"line":160,"column":5}},"type":"if","locations":[{"start":{"line":155,"column":4},"end":{"line":160,"column":5}},{"start":{"line":155,"column":4},"end":{"line":160,"column":5}}],"line":155}},"s":{"0":1,"1":1,"2":1,"3":1,"4":1,"5":1,"6":1,"7":1,"8":1,"9":1,"10":1,"11":1,"12":1,"13":1,"14":1,"15":0,"16":1,"17":1,"18":0,"19":0,"20":0,"21":0,"22":0,"23":0,"24":0,"25":0,"26":0,"27":0,"28":0,"29":0,"30":0,"31":0,"32":0,"33":0,"34":0,"35":0,"36":0,"37":0,"38":0,"39":0,"40":0,"41":1,"42":0,"43":0,"44":1,"45":0,"46":1,"47":0,"48":1,"49":0,"50":1,"51":0,"52":1,"53":0,"54":0,"55":1,"56":0,"57":0,"58":0,"59":0,"60":0,"61":0,"62":0,"63":0,"64":0,"65":0,"66":0,"67":0,"68":0,"69":0,"70":0,"71":1,"72":0,"73":0,"74":1,"75":0,"76":0,"77":0,"78":0,"79":0,"80":0,"81":0,"82":0,"83":0,"84":0,"85":0,"86":0,"87":0,"88":0,"89":0,"90":0,"91":0,"92":0,"93":0,"94":0,"95":0,"96":0,"97":0,"98":0,"99":0,"100":1},"f":{"0":1,"1":1,"2":0,"3":0,"4":0,"5":0,"6":0,"7":1,"8":0,"9":0,"10":1,"11":1,"12":0,"13":0,"14":1,"15":0,"16":0,"17":0,"18":0,"19":0,"20":0,"21":0},"b":{"0":[0,1],"1":[0,0],"2":[0,0],"3":[0,0],"4":[0,0,0,0,0,0,0,0,0],"5":[1,1,1],"6":[0,1],"7":[1,1],"8":[0,1],"9":[0,1],"10":[0,1],"11":[0,1],"12":[1,1],"13":[0,1],"14":[0,1],"15":[0,1],"16":[0,0],"17":[0,0],"18":[0,0]},"_coverageSchema":"1a1c01bbd47fc00a2c39e90264f33305004495a9","hash":"dd630fe466485865e896188249f834045f8ffd07"}
}
