{"/Users/yao/Documents/code/codetest/ctm/form-wizard/script.js": {"path":"/Users/yao/Documents/code/codetest/ctm/form-wizard/script.js","statementMap":{"0":{"start":{"line":1,"column":0},"end":{"line":1,"column":27}},"1":{"start":{"line":2,"column":18},"end":{"line":2,"column":19}},"2":{"start":{"line":3,"column":14},"end":{"line":3,"column":53}},"3":{"start":{"line":4,"column":13},"end":{"line":4,"column":52}},"4":{"start":{"line":5,"column":16},"end":{"line":5,"column":52}},"5":{"start":{"line":6,"column":16},"end":{"line":6,"column":52}},"6":{"start":{"line":7,"column":21},"end":{"line":7,"column":62}},"7":{"start":{"line":8,"column":15},"end":{"line":8,"column":48}},"8":{"start":{"line":9,"column":19},"end":{"line":9,"column":57}},"9":{"start":{"line":10,"column":20},"end":{"line":10,"column":58}},"10":{"start":{"line":11,"column":20},"end":{"line":11,"column":67}},"11":{"start":{"line":12,"column":21},"end":{"line":12,"column":68}},"12":{"start":{"line":14,"column":0},"end":{"line":14,"column":10}},"13":{"start":{"line":15,"column":0},"end":{"line":15,"column":27}},"14":{"start":{"line":17,"column":2},"end":{"line":17,"column":14}},"15":{"start":{"line":18,"column":2},"end":{"line":18,"column":24}},"16":{"start":{"line":19,"column":2},"end":{"line":19,"column":29}},"17":{"start":{"line":22,"column":2},"end":{"line":24,"column":3}},"18":{"start":{"line":23,"column":4},"end":{"line":23,"column":39}},"19":{"start":{"line":25,"column":2},"end":{"line":25,"column":18}},"20":{"start":{"line":26,"column":2},"end":{"line":26,"column":29}},"21":{"start":{"line":27,"column":2},"end":{"line":27,"column":20}},"22":{"start":{"line":30,"column":2},"end":{"line":32,"column":3}},"23":{"start":{"line":31,"column":4},"end":{"line":31,"column":17}},"24":{"start":{"line":33,"column":2},"end":{"line":33,"column":29}},"25":{"start":{"line":34,"column":2},"end":{"line":34,"column":44}},"26":{"start":{"line":35,"column":2},"end":{"line":35,"column":21}},"27":{"start":{"line":36,"column":2},"end":{"line":38,"column":3}},"28":{"start":{"line":37,"column":4},"end":{"line":37,"column":17}},"29":{"start":{"line":39,"column":2},"end":{"line":39,"column":24}},"30":{"start":{"line":42,"column":16},"end":{"line":42,"column":20}},"31":{"start":{"line":43,"column":20},"end":{"line":43,"column":38}},"32":{"start":{"line":44,"column":23},"end":{"line":44,"column":57}},"33":{"start":{"line":45,"column":18},"end":{"line":45,"column":60}},"34":{"start":{"line":46,"column":2},"end":{"line":46,"column":17}},"35":{"start":{"line":49,"column":2},"end":{"line":65,"column":3}},"36":{"start":{"line":51,"column":6},"end":{"line":51,"column":39}},"37":{"start":{"line":53,"column":6},"end":{"line":53,"column":39}},"38":{"start":{"line":55,"column":6},"end":{"line":55,"column":42}},"39":{"start":{"line":57,"column":6},"end":{"line":57,"column":43}},"40":{"start":{"line":62,"column":6},"end":{"line":62,"column":38}},"41":{"start":{"line":64,"column":6},"end":{"line":64,"column":18}},"42":{"start":{"line":68,"column":22},"end":{"line":68,"column":71}},"43":{"start":{"line":69,"column":2},"end":{"line":69,"column":33}},"44":{"start":{"line":72,"column":22},"end":{"line":72,"column":53}},"45":{"start":{"line":73,"column":2},"end":{"line":73,"column":33}},"46":{"start":{"line":76,"column":2},"end":{"line":76,"column":26}},"47":{"start":{"line":77,"column":2},"end":{"line":77,"column":69}},"48":{"start":{"line":80,"column":2},"end":{"line":80,"column":29}},"49":{"start":{"line":81,"column":2},"end":{"line":81,"column":38}},"50":{"start":{"line":84,"column":2},"end":{"line":84,"column":41}},"51":{"start":{"line":87,"column":2},"end":{"line":93,"column":3}},"52":{"start":{"line":88,"column":4},"end":{"line":88,"column":35}},"53":{"start":{"line":90,"column":4},"end":{"line":92,"column":5}},"54":{"start":{"line":91,"column":6},"end":{"line":91,"column":39}},"55":{"start":{"line":94,"column":2},"end":{"line":100,"column":3}},"56":{"start":{"line":95,"column":4},"end":{"line":95,"column":33}},"57":{"start":{"line":97,"column":4},"end":{"line":99,"column":5}},"58":{"start":{"line":98,"column":6},"end":{"line":98,"column":33}},"59":{"start":{"line":103,"column":2},"end":{"line":112,"column":3}},"60":{"start":{"line":104,"column":4},"end":{"line":104,"column":36}},"61":{"start":{"line":105,"column":4},"end":{"line":105,"column":32}},"62":{"start":{"line":107,"column":4},"end":{"line":111,"column":5}},"63":{"start":{"line":108,"column":22},"end":{"line":108,"column":66}},"64":{"start":{"line":109,"column":6},"end":{"line":109,"column":47}},"65":{"start":{"line":110,"column":6},"end":{"line":110,"column":45}},"66":{"start":{"line":115,"column":2},"end":{"line":118,"column":3}},"67":{"start":{"line":115,"column":15},"end":{"line":115,"column":16}},"68":{"start":{"line":116,"column":17},"end":{"line":116,"column":36}},"69":{"start":{"line":117,"column":4},"end":{"line":117,"column":36}},"70":{"start":{"line":119,"column":2},"end":{"line":119,"column":45}},"71":{"start":{"line":120,"column":2},"end":{"line":120,"column":16}},"72":{"start":{"line":121,"column":2},"end":{"line":121,"column":15}},"73":{"start":{"line":122,"column":2},"end":{"line":122,"column":15}},"74":{"start":{"line":125,"column":2},"end":{"line":125,"column":30}},"75":{"start":{"line":126,"column":2},"end":{"line":126,"column":33}},"76":{"start":{"line":127,"column":2},"end":{"line":127,"column":36}},"77":{"start":{"line":128,"column":2},"end":{"line":128,"column":34}},"78":{"start":{"line":131,"column":2},"end":{"line":133,"column":3}},"79":{"start":{"line":132,"column":4},"end":{"line":132,"column":58}},"80":{"start":{"line":132,"column":44},"end":{"line":132,"column":56}},"81":{"start":{"line":134,"column":2},"end":{"line":136,"column":3}},"82":{"start":{"line":135,"column":4},"end":{"line":135,"column":57}},"83":{"start":{"line":135,"column":44},"end":{"line":135,"column":55}},"84":{"start":{"line":139,"column":2},"end":{"line":139,"column":59}},"85":{"start":{"line":139,"column":45},"end":{"line":139,"column":57}},"86":{"start":{"line":140,"column":2},"end":{"line":140,"column":58}},"87":{"start":{"line":140,"column":45},"end":{"line":140,"column":56}},"88":{"start":{"line":143,"column":22},"end":{"line":143,"column":61}},"89":{"start":{"line":144,"column":22},"end":{"line":144,"column":64}},"90":{"start":{"line":145,"column":2},"end":{"line":154,"column":3}},"91":{"start":{"line":145,"column":15},"end":{"line":145,"column":16}},"92":{"start":{"line":146,"column":4},"end":{"line":153,"column":5}},"93":{"start":{"line":147,"column":6},"end":{"line":147,"column":45}},"94":{"start":{"line":148,"column":6},"end":{"line":148,"column":52}},"95":{"start":{"line":149,"column":6},"end":{"line":149,"column":20}},"96":{"start":{"line":151,"column":6},"end":{"line":151,"column":44}},"97":{"start":{"line":152,"column":6},"end":{"line":152,"column":48}},"98":{"start":{"line":155,"column":2},"end":{"line":155,"column":15}},"99":{"start":{"line":158,"column":2},"end":{"line":167,"column":3}},"100":{"start":{"line":159,"column":24},"end":{"line":159,"column":62}},"101":{"start":{"line":160,"column":30},"end":{"line":160,"column":72}},"102":{"start":{"line":161,"column":4},"end":{"line":166,"column":5}},"103":{"start":{"line":162,"column":6},"end":{"line":162,"column":48}},"104":{"start":{"line":163,"column":6},"end":{"line":163,"column":20}},"105":{"start":{"line":165,"column":6},"end":{"line":165,"column":47}},"106":{"start":{"line":168,"column":2},"end":{"line":168,"column":15}},"107":{"start":{"line":171,"column":0},"end":{"line":173,"column":1}}},"fnMap":{"0":{"name":"initial","decl":{"start":{"line":16,"column":9},"end":{"line":16,"column":16}},"loc":{"start":{"line":16,"column":19},"end":{"line":20,"column":1}},"line":16},"1":{"name":"showForm","decl":{"start":{"line":21,"column":9},"end":{"line":21,"column":17}},"loc":{"start":{"line":21,"column":23},"end":{"line":28,"column":1}},"line":21},"2":{"name":"nextPrev","decl":{"start":{"line":29,"column":9},"end":{"line":29,"column":17}},"loc":{"start":{"line":29,"column":23},"end":{"line":40,"column":1}},"line":29},"3":{"name":"isFormValid","decl":{"start":{"line":41,"column":9},"end":{"line":41,"column":20}},"loc":{"start":{"line":41,"column":23},"end":{"line":47,"column":1}},"line":41},"4":{"name":"isFormatValid","decl":{"start":{"line":48,"column":9},"end":{"line":48,"column":22}},"loc":{"start":{"line":48,"column":30},"end":{"line":66,"column":1}},"line":48},"5":{"name":"isEmailValid","decl":{"start":{"line":67,"column":9},"end":{"line":67,"column":21}},"loc":{"start":{"line":67,"column":29},"end":{"line":70,"column":1}},"line":67},"6":{"name":"isPhoneValid","decl":{"start":{"line":71,"column":9},"end":{"line":71,"column":21}},"loc":{"start":{"line":71,"column":29},"end":{"line":74,"column":1}},"line":71},"7":{"name":"isPostcodeValid","decl":{"start":{"line":75,"column":9},"end":{"line":75,"column":24}},"loc":{"start":{"line":75,"column":32},"end":{"line":78,"column":1}},"line":75},"8":{"name":"isStreetNumValid","decl":{"start":{"line":79,"column":9},"end":{"line":79,"column":25}},"loc":{"start":{"line":79,"column":33},"end":{"line":82,"column":1}},"line":79},"9":{"name":"isTextValid","decl":{"start":{"line":83,"column":9},"end":{"line":83,"column":20}},"loc":{"start":{"line":83,"column":28},"end":{"line":85,"column":1}},"line":83},"10":{"name":"showButton","decl":{"start":{"line":86,"column":9},"end":{"line":86,"column":19}},"loc":{"start":{"line":86,"column":25},"end":{"line":101,"column":1}},"line":86},"11":{"name":"showProgressBar","decl":{"start":{"line":102,"column":9},"end":{"line":102,"column":24}},"loc":{"start":{"line":102,"column":27},"end":{"line":113,"column":1}},"line":102},"12":{"name":"submitForm","decl":{"start":{"line":114,"column":9},"end":{"line":114,"column":19}},"loc":{"start":{"line":114,"column":22},"end":{"line":123,"column":1}},"line":114},"13":{"name":"showResult","decl":{"start":{"line":124,"column":9},"end":{"line":124,"column":19}},"loc":{"start":{"line":124,"column":22},"end":{"line":129,"column":1}},"line":124},"14":{"name":"bindEvent","decl":{"start":{"line":130,"column":9},"end":{"line":130,"column":18}},"loc":{"start":{"line":130,"column":21},"end":{"line":137,"column":1}},"line":130},"15":{"name":"(anonymous_15)","decl":{"start":{"line":132,"column":38},"end":{"line":132,"column":39}},"loc":{"start":{"line":132,"column":44},"end":{"line":132,"column":56}},"line":132},"16":{"name":"(anonymous_16)","decl":{"start":{"line":135,"column":38},"end":{"line":135,"column":39}},"loc":{"start":{"line":135,"column":44},"end":{"line":135,"column":55}},"line":135},"17":{"name":"unBindEvent","decl":{"start":{"line":138,"column":9},"end":{"line":138,"column":20}},"loc":{"start":{"line":138,"column":23},"end":{"line":141,"column":1}},"line":138},"18":{"name":"(anonymous_18)","decl":{"start":{"line":139,"column":39},"end":{"line":139,"column":40}},"loc":{"start":{"line":139,"column":45},"end":{"line":139,"column":57}},"line":139},"19":{"name":"(anonymous_19)","decl":{"start":{"line":140,"column":39},"end":{"line":140,"column":40}},"loc":{"start":{"line":140,"column":45},"end":{"line":140,"column":56}},"line":140},"20":{"name":"checkInputFormat","decl":{"start":{"line":142,"column":9},"end":{"line":142,"column":25}},"loc":{"start":{"line":142,"column":44},"end":{"line":156,"column":1}},"line":142},"21":{"name":"checkSelectFormat","decl":{"start":{"line":157,"column":9},"end":{"line":157,"column":26}},"loc":{"start":{"line":157,"column":45},"end":{"line":169,"column":1}},"line":157}},"branchMap":{"0":{"loc":{"start":{"line":22,"column":2},"end":{"line":24,"column":3}},"type":"if","locations":[{"start":{"line":22,"column":2},"end":{"line":24,"column":3}},{"start":{"line":22,"column":2},"end":{"line":24,"column":3}}],"line":22},"1":{"loc":{"start":{"line":30,"column":2},"end":{"line":32,"column":3}},"type":"if","locations":[{"start":{"line":30,"column":2},"end":{"line":32,"column":3}},{"start":{"line":30,"column":2},"end":{"line":32,"column":3}}],"line":30},"2":{"loc":{"start":{"line":30,"column":6},"end":{"line":30,"column":33}},"type":"binary-expr","locations":[{"start":{"line":30,"column":6},"end":{"line":30,"column":15}},{"start":{"line":30,"column":19},"end":{"line":30,"column":33}}],"line":30},"3":{"loc":{"start":{"line":36,"column":2},"end":{"line":38,"column":3}},"type":"if","locations":[{"start":{"line":36,"column":2},"end":{"line":38,"column":3}},{"start":{"line":36,"column":2},"end":{"line":38,"column":3}}],"line":36},"4":{"loc":{"start":{"line":49,"column":2},"end":{"line":65,"column":3}},"type":"switch","locations":[{"start":{"line":50,"column":4},"end":{"line":51,"column":39}},{"start":{"line":52,"column":4},"end":{"line":53,"column":39}},{"start":{"line":54,"column":4},"end":{"line":55,"column":42}},{"start":{"line":56,"column":4},"end":{"line":57,"column":43}},{"start":{"line":58,"column":4},"end":{"line":58,"column":22}},{"start":{"line":59,"column":4},"end":{"line":59,"column":21}},{"start":{"line":60,"column":4},"end":{"line":60,"column":23}},{"start":{"line":61,"column":4},"end":{"line":62,"column":38}},{"start":{"line":63,"column":4},"end":{"line":64,"column":18}}],"line":49},"5":{"loc":{"start":{"line":77,"column":9},"end":{"line":77,"column":68}},"type":"binary-expr","locations":[{"start":{"line":77,"column":9},"end":{"line":77,"column":35}},{"start":{"line":77,"column":39},"end":{"line":77,"column":51}},{"start":{"line":77,"column":55},"end":{"line":77,"column":68}}],"line":77},"6":{"loc":{"start":{"line":87,"column":2},"end":{"line":93,"column":3}},"type":"if","locations":[{"start":{"line":87,"column":2},"end":{"line":93,"column":3}},{"start":{"line":87,"column":2},"end":{"line":93,"column":3}}],"line":87},"7":{"loc":{"start":{"line":87,"column":6},"end":{"line":87,"column":21}},"type":"binary-expr","locations":[{"start":{"line":87,"column":6},"end":{"line":87,"column":10}},{"start":{"line":87,"column":14},"end":{"line":87,"column":21}}],"line":87},"8":{"loc":{"start":{"line":90,"column":4},"end":{"line":92,"column":5}},"type":"if","locations":[{"start":{"line":90,"column":4},"end":{"line":92,"column":5}},{"start":{"line":90,"column":4},"end":{"line":92,"column":5}}],"line":90},"9":{"loc":{"start":{"line":94,"column":2},"end":{"line":100,"column":3}},"type":"if","locations":[{"start":{"line":94,"column":2},"end":{"line":100,"column":3}},{"start":{"line":94,"column":2},"end":{"line":100,"column":3}}],"line":94},"10":{"loc":{"start":{"line":97,"column":4},"end":{"line":99,"column":5}},"type":"if","locations":[{"start":{"line":97,"column":4},"end":{"line":99,"column":5}},{"start":{"line":97,"column":4},"end":{"line":99,"column":5}}],"line":97},"11":{"loc":{"start":{"line":103,"column":2},"end":{"line":112,"column":3}},"type":"if","locations":[{"start":{"line":103,"column":2},"end":{"line":112,"column":3}},{"start":{"line":103,"column":2},"end":{"line":112,"column":3}}],"line":103},"12":{"loc":{"start":{"line":103,"column":6},"end":{"line":103,"column":34}},"type":"binary-expr","locations":[{"start":{"line":103,"column":6},"end":{"line":103,"column":18}},{"start":{"line":103,"column":22},"end":{"line":103,"column":34}}],"line":103},"13":{"loc":{"start":{"line":107,"column":4},"end":{"line":111,"column":5}},"type":"if","locations":[{"start":{"line":107,"column":4},"end":{"line":111,"column":5}},{"start":{"line":107,"column":4},"end":{"line":111,"column":5}}],"line":107},"14":{"loc":{"start":{"line":131,"column":2},"end":{"line":133,"column":3}},"type":"if","locations":[{"start":{"line":131,"column":2},"end":{"line":133,"column":3}},{"start":{"line":131,"column":2},"end":{"line":133,"column":3}}],"line":131},"15":{"loc":{"start":{"line":134,"column":2},"end":{"line":136,"column":3}},"type":"if","locations":[{"start":{"line":134,"column":2},"end":{"line":136,"column":3}},{"start":{"line":134,"column":2},"end":{"line":136,"column":3}}],"line":134},"16":{"loc":{"start":{"line":146,"column":4},"end":{"line":153,"column":5}},"type":"if","locations":[{"start":{"line":146,"column":4},"end":{"line":153,"column":5}},{"start":{"line":146,"column":4},"end":{"line":153,"column":5}}],"line":146},"17":{"loc":{"start":{"line":158,"column":2},"end":{"line":167,"column":3}},"type":"if","locations":[{"start":{"line":158,"column":2},"end":{"line":167,"column":3}},{"start":{"line":158,"column":2},"end":{"line":167,"column":3}}],"line":158},"18":{"loc":{"start":{"line":161,"column":4},"end":{"line":166,"column":5}},"type":"if","locations":[{"start":{"line":161,"column":4},"end":{"line":166,"column":5}},{"start":{"line":161,"column":4},"end":{"line":166,"column":5}}],"line":161}},"s":{"0":2,"1":2,"2":2,"3":2,"4":2,"5":2,"6":2,"7":2,"8":2,"9":2,"10":2,"11":2,"12":2,"13":2,"14":2,"15":2,"16":2,"17":2,"18":0,"19":2,"20":2,"21":2,"22":0,"23":0,"24":0,"25":0,"26":0,"27":0,"28":0,"29":0,"30":0,"31":0,"32":0,"33":0,"34":0,"35":0,"36":0,"37":0,"38":0,"39":0,"40":0,"41":0,"42":0,"43":0,"44":0,"45":0,"46":2,"47":2,"48":0,"49":0,"50":0,"51":2,"52":0,"53":2,"54":0,"55":2,"56":0,"57":2,"58":0,"59":2,"60":0,"61":0,"62":2,"63":0,"64":0,"65":0,"66":0,"67":0,"68":0,"69":0,"70":0,"71":0,"72":0,"73":0,"74":0,"75":0,"76":0,"77":0,"78":2,"79":0,"80":0,"81":2,"82":0,"83":0,"84":0,"85":0,"86":0,"87":0,"88":0,"89":0,"90":0,"91":0,"92":0,"93":0,"94":0,"95":0,"96":0,"97":0,"98":0,"99":0,"100":0,"101":0,"102":0,"103":0,"104":0,"105":0,"106":0,"107":2},"f":{"0":2,"1":2,"2":0,"3":0,"4":0,"5":0,"6":0,"7":2,"8":0,"9":0,"10":2,"11":2,"12":0,"13":0,"14":2,"15":0,"16":0,"17":0,"18":0,"19":0,"20":0,"21":0},"b":{"0":[0,2],"1":[0,0],"2":[0,0],"3":[0,0],"4":[0,0,0,0,0,0,0,0,0],"5":[2,2,2],"6":[0,2],"7":[2,2],"8":[0,2],"9":[0,2],"10":[0,2],"11":[0,2],"12":[2,2],"13":[0,2],"14":[0,2],"15":[0,2],"16":[0,0],"17":[0,0],"18":[0,0]},"_coverageSchema":"1a1c01bbd47fc00a2c39e90264f33305004495a9","hash":"ba7988edfa9b40498d95d294be445225f1fa992b"}
}
