TN:
SF:script.js
FN:16,initial
FN:21,showForm
FN:29,nextPrev
FN:41,isFormValid
FN:48,isFormatValid
FN:67,isEmailValid
FN:71,isPhoneValid
FN:75,isPostcodeValid
FN:79,isStreetNumValid
FN:83,isTextValid
FN:86,showButton
FN:102,showProgressBar
FN:114,submitForm
FN:124,showResult
FN:130,bindEvent
FN:132,(anonymous_15)
FN:135,(anonymous_16)
FN:138,unBindEvent
FN:139,(anonymous_18)
FN:140,(anonymous_19)
FN:142,checkInputFormat
FN:157,checkSelectFormat
FNF:22
FNH:6
FNDA:2,initial
FNDA:2,showForm
FNDA:0,nextPrev
FNDA:0,isFormValid
FNDA:0,isFormatValid
FNDA:0,isEmailValid
FNDA:0,isPhoneValid
FNDA:2,isPostcodeValid
FNDA:0,isStreetNumValid
FNDA:0,isTextValid
FNDA:2,showButton
FNDA:2,showProgressBar
FNDA:0,submitForm
FNDA:0,showResult
FNDA:2,bindEvent
FNDA:0,(anonymous_15)
FNDA:0,(anonymous_16)
FNDA:0,unBindEvent
FNDA:0,(anonymous_18)
FNDA:0,(anonymous_19)
FNDA:0,checkInputFormat
FNDA:0,checkSelectFormat
DA:1,2
DA:2,2
DA:3,2
DA:4,2
DA:5,2
DA:6,2
DA:7,2
DA:8,2
DA:9,2
DA:10,2
DA:11,2
DA:12,2
DA:14,2
DA:15,2
DA:17,2
DA:18,2
DA:19,2
DA:22,2
DA:23,0
DA:25,2
DA:26,2
DA:27,2
DA:30,0
DA:31,0
DA:33,0
DA:34,0
DA:35,0
DA:36,0
DA:37,0
DA:39,0
DA:42,0
DA:43,0
DA:44,0
DA:45,0
DA:46,0
DA:49,0
DA:51,0
DA:53,0
DA:55,0
DA:57,0
DA:62,0
DA:64,0
DA:68,0
DA:69,0
DA:72,0
DA:73,0
DA:76,2
DA:77,2
DA:80,0
DA:81,0
DA:84,0
DA:87,2
DA:88,0
DA:90,2
DA:91,0
DA:94,2
DA:95,0
DA:97,2
DA:98,0
DA:103,2
DA:104,0
DA:105,0
DA:107,2
DA:108,0
DA:109,0
DA:110,0
DA:115,0
DA:116,0
DA:117,0
DA:119,0
DA:120,0
DA:121,0
DA:122,0
DA:125,0
DA:126,0
DA:127,0
DA:128,0
DA:131,2
DA:132,0
DA:134,2
DA:135,0
DA:139,0
DA:140,0
DA:143,0
DA:144,0
DA:145,0
DA:146,0
DA:147,0
DA:148,0
DA:149,0
DA:151,0
DA:152,0
DA:155,0
DA:158,0
DA:159,0
DA:160,0
DA:161,0
DA:162,0
DA:163,0
DA:165,0
DA:168,0
DA:171,2
LF:102
LH:32
BRDA:22,0,0,0
BRDA:22,0,1,2
BRDA:30,1,0,0
BRDA:30,1,1,0
BRDA:30,2,0,0
BRDA:30,2,1,0
BRDA:36,3,0,0
BRDA:36,3,1,0
BRDA:49,4,0,0
BRDA:49,4,1,0
BRDA:49,4,2,0
BRDA:49,4,3,0
BRDA:49,4,4,0
BRDA:49,4,5,0
BRDA:49,4,6,0
BRDA:49,4,7,0
BRDA:49,4,8,0
BRDA:77,5,0,2
BRDA:77,5,1,2
BRDA:77,5,2,2
BRDA:87,6,0,0
BRDA:87,6,1,2
BRDA:87,7,0,2
BRDA:87,7,1,2
BRDA:90,8,0,0
BRDA:90,8,1,2
BRDA:94,9,0,0
BRDA:94,9,1,2
BRDA:97,10,0,0
BRDA:97,10,1,2
BRDA:103,11,0,0
BRDA:103,11,1,2
BRDA:103,12,0,2
BRDA:103,12,1,2
BRDA:107,13,0,0
BRDA:107,13,1,2
BRDA:131,14,0,0
BRDA:131,14,1,2
BRDA:134,15,0,0
BRDA:134,15,1,2
BRDA:146,16,0,0
BRDA:146,16,1,0
BRDA:158,17,0,0
BRDA:158,17,1,0
BRDA:161,18,0,0
BRDA:161,18,1,0
BRF:46
BRH:16
end_of_record
