TN:
SF:script.js
FN:15,initial
FN:19,showForm
FN:26,nextPrev
FN:37,isFormValid
FN:44,isFormatValid
FN:63,isEmailValid
FN:67,isPhoneValid
FN:71,isPostcodeValid
FN:74,isStreetNumValid
FN:77,isTextValid
FN:80,showButton
FN:96,showProgressBar
FN:108,submitForm
FN:118,showResult
FN:124,bindEvent
FN:126,(anonymous_15)
FN:129,(anonymous_16)
FN:132,unBindEvent
FN:133,(anonymous_18)
FN:134,(anonymous_19)
FN:136,checkInputFormat
FN:151,checkSelectFormat
FNF:22
FNH:6
FNDA:1,initial
FNDA:1,showForm
FNDA:0,nextPrev
FNDA:0,isFormValid
FNDA:0,isFormatValid
FNDA:0,isEmailValid
FNDA:0,isPhoneValid
FNDA:1,isPostcodeValid
FNDA:0,isStreetNumValid
FNDA:0,isTextValid
FNDA:1,showButton
FNDA:1,showProgressBar
FNDA:0,submitForm
FNDA:0,showResult
FNDA:1,bindEvent
FNDA:0,(anonymous_15)
FNDA:0,(anonymous_16)
FNDA:0,unBindEvent
FNDA:0,(anonymous_18)
FNDA:0,(anonymous_19)
FNDA:0,checkInputFormat
FNDA:0,checkSelectFormat
DA:1,1
DA:2,1
DA:3,1
DA:4,1
DA:5,1
DA:6,1
DA:7,1
DA:8,1
DA:9,1
DA:10,1
DA:11,1
DA:13,1
DA:16,1
DA:17,1
DA:20,1
DA:21,0
DA:23,1
DA:24,1
DA:27,0
DA:28,0
DA:30,0
DA:31,0
DA:32,0
DA:33,0
DA:35,0
DA:38,0
DA:39,0
DA:40,0
DA:41,0
DA:42,0
DA:45,0
DA:47,0
DA:49,0
DA:51,0
DA:53,0
DA:58,0
DA:60,0
DA:64,0
DA:65,0
DA:68,0
DA:69,0
DA:72,1
DA:75,0
DA:78,0
DA:81,1
DA:82,0
DA:84,1
DA:85,0
DA:88,1
DA:89,0
DA:91,1
DA:92,0
DA:97,1
DA:98,0
DA:99,0
DA:101,1
DA:102,0
DA:103,0
DA:104,0
DA:109,0
DA:110,0
DA:111,0
DA:113,0
DA:114,0
DA:115,0
DA:116,0
DA:119,0
DA:120,0
DA:121,0
DA:122,0
DA:125,1
DA:126,0
DA:128,1
DA:129,0
DA:133,0
DA:134,0
DA:137,0
DA:138,0
DA:139,0
DA:140,0
DA:141,0
DA:142,0
DA:143,0
DA:145,0
DA:146,0
DA:149,0
DA:152,0
DA:153,0
DA:154,0
DA:155,0
DA:156,0
DA:157,0
DA:159,0
DA:162,0
DA:165,1
LF:95
LH:27
BRDA:20,0,0,0
BRDA:20,0,1,1
BRDA:27,1,0,0
BRDA:27,1,1,0
BRDA:27,2,0,0
BRDA:27,2,1,0
BRDA:32,3,0,0
BRDA:32,3,1,0
BRDA:45,4,0,0
BRDA:45,4,1,0
BRDA:45,4,2,0
BRDA:45,4,3,0
BRDA:45,4,4,0
BRDA:45,4,5,0
BRDA:45,4,6,0
BRDA:45,4,7,0
BRDA:45,4,8,0
BRDA:72,5,0,1
BRDA:72,5,1,1
BRDA:72,5,2,1
BRDA:81,6,0,0
BRDA:81,6,1,1
BRDA:81,7,0,1
BRDA:81,7,1,1
BRDA:84,8,0,0
BRDA:84,8,1,1
BRDA:88,9,0,0
BRDA:88,9,1,1
BRDA:91,10,0,0
BRDA:91,10,1,1
BRDA:97,11,0,0
BRDA:97,11,1,1
BRDA:97,12,0,1
BRDA:97,12,1,1
BRDA:101,13,0,0
BRDA:101,13,1,1
BRDA:125,14,0,0
BRDA:125,14,1,1
BRDA:128,15,0,0
BRDA:128,15,1,1
BRDA:140,16,0,0
BRDA:140,16,1,0
BRDA:152,17,0,0
BRDA:152,17,1,0
BRDA:155,18,0,0
BRDA:155,18,1,0
BRF:46
BRH:16
end_of_record
